<?xml version="1.0" encoding="UTF-8"?>
<!-- Generated by org.testng.reporters.JUnitReportReporter -->
<testsuite hostname="PUNITP289549L" name="TestCases.AccoutTest" tests="1" failures="0" timestamp="14 Aug 2020 08:58:03 GMT" time="1.632" errors="0">
  <testcase name="signupAcc" time="1.632" classname="TestCases.AccoutTest"/>
</testsuite> <!-- TestCases.AccoutTest -->
