<?xml version="1.0" encoding="UTF-8"?>
<!-- Generated by org.testng.reporters.JUnitReportReporter -->
<testsuite hostname="PUNITP289549L" name="BasePkg.BaseClass" tests="2" failures="0" timestamp="4 Aug 2020 10:34:08 GMT" time="0.028" errors="0">
  <testcase name="validateURL" time="0.015" classname="BasePkg.BaseClass"/>
  <testcase name="validatetitle" time="0.013" classname="BasePkg.BaseClass"/>
</testsuite> <!-- BasePkg.BaseClass -->
