<?xml version="1.0" encoding="UTF-8"?>
<!-- Generated by org.testng.reporters.JUnitReportReporter -->
<testsuite hostname="PUNITP289549L" name="TestCases.HomeTestCase" tests="1" failures="0" timestamp="14 Aug 2020 08:58:03 GMT" time="3.844" errors="0">
  <testcase name="m1" time="3.844" classname="TestCases.HomeTestCase"/>
</testsuite> <!-- TestCases.HomeTestCase -->
